register.php script started.Sign In form submitted.Keystroke Data: Array
(
    [0] => Array
        (
            [timestamp] => 1739392348474
        )

    [1] => Array
        (
            [key] => 1
            [timestamp] => 1739392350053
        )

    [2] => Array
        (
            [key] => 2
            [timestamp] => 1739392350317
        )

    [3] => Array
        (
            [key] => 3
            [timestamp] => 1739392350500
        )

    [4] => Array
        (
            [key] => Enter
            [timestamp] => 1739392350803
        )

)
logData() called. logFile = C:\xampp\htdocs\login\logs.jsonFile exists: C:\xampp\htdocs\login\logs.jsonJSON decode successful.Data to be logged: Array
(
    [Name] => aayu sha
    [Username] => aayu@gmail.com
    [Password] => 202cb962ac59075b964b07152d234b70
    [Action] => Login
    [Timestamp] => 2025-02-12 21:32:30
    [Keystroke Data] => Array
        (
            [0] => Array
                (
                    [timestamp] => 1739392348474
                )

            [1] => Array
                (
                    [key] => 1
                    [timestamp] => 1739392350053
                )

            [2] => Array
                (
                    [key] => 2
                    [timestamp] => 1739392350317
                )

            [3] => Array
                (
                    [key] => 3
                    [timestamp] => 1739392350500
                )

            [4] => Array
                (
                    [key] => Enter
                    [timestamp] => 1739392350803
                )

        )

    [Place] => Login Page
    [Page Views] => 1
    [Session Duration] => 0
    [Bounce Rate] => 0
    [Traffic Source] => Direct
    [Time on Page] => 0
    [Previous Visits] => 0
    [Conversion Rate] => 0
)
JSON encode successful.File write successful. Bytes written: 26097register.php script started.Sign In form submitted.Keystroke Data: Array
(
    [0] => Array
        (
            [timestamp] => 1739392729075
        )

    [1] => Array
        (
            [key] => 1
            [timestamp] => 1739392731472
        )

    [2] => Array
        (
            [key] => 2
            [timestamp] => 1739392731706
        )

    [3] => Array
        (
            [key] => 3
            [timestamp] => 1739392731917
        )

    [4] => Array
        (
            [key] => Enter
            [timestamp] => 1739392732267
        )

)
logData() called. logFile = C:\xampp\htdocs\login\logs.jsonFile exists: C:\xampp\htdocs\login\logs.jsonJSON decode successful.Data to be logged: Array
(
    [Name] => aayu sha
    [Username] => aayu@gmail.com
    [Password] => 202cb962ac59075b964b07152d234b70
    [Action] => Login
    [Timestamp] => 2025-02-12 21:38:52
    [Keystroke Data] => Array
        (
            [0] => Array
                (
                    [timestamp] => 1739392729075
                )

            [1] => Array
                (
                    [key] => 1
                    [timestamp] => 1739392731472
                )

            [2] => Array
                (
                    [key] => 2
                    [timestamp] => 1739392731706
                )

            [3] => Array
                (
                    [key] => 3
                    [timestamp] => 1739392731917
                )

            [4] => Array
                (
                    [key] => Enter
                    [timestamp] => 1739392732267
                )

        )

    [Place] => Login Page
    [Page Views] => 1
    [Session Duration] => 0
    [Bounce Rate] => 0
    [Traffic Source] => ::1
    [Time on Page] => 0
    [Previous Visits] => 0
    [Conversion Rate] => 0
)
JSON encode successful.File write successful. Bytes written: 27049register.php script started.Sign In form submitted.Keystroke Data: Array
(
    [0] => Array
        (
            [timestamp] => 1739392816676
        )

    [1] => Array
        (
            [key] => 5
            [timestamp] => 1739392818192
        )

    [2] => Array
        (
            [key] => 5
            [timestamp] => 1739392818399
        )

    [3] => Array
        (
            [key] => 5
            [timestamp] => 1739392818553
        )

    [4] => Array
        (
            [key] => Enter
            [timestamp] => 1739392819075
        )

)
register.php script started.Sign Up form submitted.Keystroke Data: Array
(
    [0] => Array
        (
            [key] => CapsLock
            [timestamp] => 1739424804910
        )

    [1] => Array
        (
            [key] => N
            [timestamp] => 1739424805765
        )

    [2] => Array
        (
            [key] => CapsLock
            [timestamp] => 1739424805945
        )

    [3] => Array
        (
            [key] => a
            [timestamp] => 1739424806183
        )

    [4] => Array
        (
            [key] => s
            [timestamp] => 1739424806433
        )

    [5] => Array
        (
            [key] => l
            [timestamp] => 1739424806638
        )

    [6] => Array
        (
            [key] => a
            [timestamp] => 1739424806817
        )

    [7] => Array
        (
            [key] =>  
            [timestamp] => 1739424807588
        )

    [8] => Array
        (
            [key] => CapsLock
            [timestamp] => 1739424809136
        )

    [9] => Array
        (
            [key] => M
            [timestamp] => 1739424809776
        )

    [10] => Array
        (
            [key] => CapsLock
            [timestamp] => 1739424809932
        )

    [11] => Array
        (
            [key] => a
            [timestamp] => 1739424810340
        )

    [12] => Array
        (
            [key] => n
            [timestamp] => 1739424810530
        )

    [13] => Array
        (
            [key] => a
            [timestamp] => 1739424810679
        )

    [14] => Array
        (
            [key] => n
            [timestamp] => 1739424810813
        )

    [15] => Array
        (
            [key] => d
            [timestamp] => 1739424811232
        )

    [16] => Array
        (
            [key] => h
            [timestamp] => 1739424811431
        )

    [17] => Array
        (
            [key] => a
            [timestamp] => 1739424811588
        )

    [18] => Array
        (
            [key] => r
            [timestamp] => 1739424811743
        )

    [19] => Array
        (
            [key] => CapsLock
            [timestamp] => 1739424813750
        )

    [20] => Array
        (
            [key] => N
            [timestamp] => 1739424813970
        )

    [21] => Array
        (
            [key] => CapsLock
            [timestamp] => 1739424814124
        )

    [22] => Array
        (
            [key] => a
            [timestamp] => 1739424814368
        )

    [23] => Array
        (
            [key] => Backspace
            [timestamp] => 1739424814846
        )

    [24] => Array
        (
            [key] => Backspace
            [timestamp] => 1739424815014
        )

    [25] => Array
        (
            [key] => Backspace
            [timestamp] => 1739424815167
        )

    [26] => Array
        (
            [key] => n
            [timestamp] => 1739424815537
        )

    [27] => Array
        (
            [key] => a
            [timestamp] => 1739424815647
        )

    [28] => Array
        (
            [key] => s
            [timestamp] => 1739424815860
        )

    [29] => Array
        (
            [key] => l
            [timestamp] => 1739424816016
        )

    [30] => Array
        (
            [key] => a
            [timestamp] => 1739424816149
        )

    [31] => Array
        (
            [key] => m
            [timestamp] => 1739424816325
        )

    [32] => Array
        (
            [key] => a
            [timestamp] => 1739424816469
        )

    [33] => Array
        (
            [key] => n
            [timestamp] => 1739424816570
        )

    [34] => Array
        (
            [key] => d
            [timestamp] => 1739424816721
        )

    [35] => Array
        (
            [key] => r
            [timestamp] => 1739424816973
        )

    [36] => Array
        (
            [key] => Shift
            [timestamp] => 1739424817670
        )

    [37] => Array
        (
            [key] => Shift
            [timestamp] => 1739424818176
        )

    [38] => Array
        (
            [key] => Shift
            [timestamp] => 1739424818209
        )

    [39] => Array
        (
            [key] => @
            [timestamp] => 1739424818236
        )

    [40] => Array
        (
            [key] => g
            [timestamp] => 1739424818945
        )

    [41] => Array
        (
            [key] => m
            [timestamp] => 1739424819317
        )

    [42] => Array
        (
            [key] => a
            [timestamp] => 1739424819478
        )

    [43] => Array
        (
            [key] => i
            [timestamp] => 1739424820930
        )

    [44] => Array
        (
            [key] => l
            [timestamp] => 1739424821244
        )

    [45] => Array
        (
            [key] => .
            [timestamp] => 1739424821965
        )

    [46] => Array
        (
            [key] => c
            [timestamp] => 1739424822185
        )

    [47] => Array
        (
            [key] => o
            [timestamp] => 1739424822332
        )

    [48] => Array
        (
            [key] => m
            [timestamp] => 1739424822620
        )

    [49] => Array
        (
            [key] => 1
            [timestamp] => 1739424824791
        )

    [50] => Array
        (
            [key] => 2
            [timestamp] => 1739424825045
        )

    [51] => Array
        (
            [key] => 3
            [timestamp] => 1739424825273
        )

    [52] => Array
        (
            [key] => Enter
            [timestamp] => 1739424827994
        )

)
logData() called. logFile = C:\xampp\htdocs\login\logs.jsonFile exists: C:\xampp\htdocs\login\logs.jsonJSON decode successful.Data to be logged: Array
(
    [Name] => Nasla  Manandhar
    [Username] => naslamandr@gmail.com
    [Password] => 202cb962ac59075b964b07152d234b70
    [Action] => Registration
    [Timestamp] => 2025-02-13 06:33:48
    [Keystroke Data] => Array
        (
            [0] => Array
                (
                    [key] => CapsLock
                    [timestamp] => 1739424804910
                )

            [1] => Array
                (
                    [key] => N
                    [timestamp] => 1739424805765
                )

            [2] => Array
                (
                    [key] => CapsLock
                    [timestamp] => 1739424805945
                )

            [3] => Array
                (
                    [key] => a
                    [timestamp] => 1739424806183
                )

            [4] => Array
                (
                    [key] => s
                    [timestamp] => 1739424806433
                )

            [5] => Array
                (
                    [key] => l
                    [timestamp] => 1739424806638
                )

            [6] => Array
                (
                    [key] => a
                    [timestamp] => 1739424806817
                )

            [7] => Array
                (
                    [key] =>  
                    [timestamp] => 1739424807588
                )

            [8] => Array
                (
                    [key] => CapsLock
                    [timestamp] => 1739424809136
                )

            [9] => Array
                (
                    [key] => M
                    [timestamp] => 1739424809776
                )

            [10] => Array
                (
                    [key] => CapsLock
                    [timestamp] => 1739424809932
                )

            [11] => Array
                (
                    [key] => a
                    [timestamp] => 1739424810340
                )

            [12] => Array
                (
                    [key] => n
                    [timestamp] => 1739424810530
                )

            [13] => Array
                (
                    [key] => a
                    [timestamp] => 1739424810679
                )

            [14] => Array
                (
                    [key] => n
                    [timestamp] => 1739424810813
                )

            [15] => Array
                (
                    [key] => d
                    [timestamp] => 1739424811232
                )

            [16] => Array
                (
                    [key] => h
                    [timestamp] => 1739424811431
                )

            [17] => Array
                (
                    [key] => a
                    [timestamp] => 1739424811588
                )

            [18] => Array
                (
                    [key] => r
                    [timestamp] => 1739424811743
                )

            [19] => Array
                (
                    [key] => CapsLock
                    [timestamp] => 1739424813750
                )

            [20] => Array
                (
                    [key] => N
                    [timestamp] => 1739424813970
                )

            [21] => Array
                (
                    [key] => CapsLock
                    [timestamp] => 1739424814124
                )

            [22] => Array
                (
                    [key] => a
                    [timestamp] => 1739424814368
                )

            [23] => Array
                (
                    [key] => Backspace
                    [timestamp] => 1739424814846
                )

            [24] => Array
                (
                    [key] => Backspace
                    [timestamp] => 1739424815014
                )

            [25] => Array
                (
                    [key] => Backspace
                    [timestamp] => 1739424815167
                )

            [26] => Array
                (
                    [key] => n
                    [timestamp] => 1739424815537
                )

            [27] => Array
                (
                    [key] => a
                    [timestamp] => 1739424815647
                )

            [28] => Array
                (
                    [key] => s
                    [timestamp] => 1739424815860
                )

            [29] => Array
                (
                    [key] => l
                    [timestamp] => 1739424816016
                )

            [30] => Array
                (
                    [key] => a
                    [timestamp] => 1739424816149
                )

            [31] => Array
                (
                    [key] => m
                    [timestamp] => 1739424816325
                )

            [32] => Array
                (
                    [key] => a
                    [timestamp] => 1739424816469
                )

            [33] => Array
                (
                    [key] => n
                    [timestamp] => 1739424816570
                )

            [34] => Array
                (
                    [key] => d
                    [timestamp] => 1739424816721
                )

            [35] => Array
                (
                    [key] => r
                    [timestamp] => 1739424816973
                )

            [36] => Array
                (
                    [key] => Shift
                    [timestamp] => 1739424817670
                )

            [37] => Array
                (
                    [key] => Shift
                    [timestamp] => 1739424818176
                )

            [38] => Array
                (
                    [key] => Shift
                    [timestamp] => 1739424818209
                )

            [39] => Array
                (
                    [key] => @
                    [timestamp] => 1739424818236
                )

            [40] => Array
                (
                    [key] => g
                    [timestamp] => 1739424818945
                )

            [41] => Array
                (
                    [key] => m
                    [timestamp] => 1739424819317
                )

            [42] => Array
                (
                    [key] => a
                    [timestamp] => 1739424819478
                )

            [43] => Array
                (
                    [key] => i
                    [timestamp] => 1739424820930
                )

            [44] => Array
                (
                    [key] => l
                    [timestamp] => 1739424821244
                )

            [45] => Array
                (
                    [key] => .
                    [timestamp] => 1739424821965
                )

            [46] => Array
                (
                    [key] => c
                    [timestamp] => 1739424822185
                )

            [47] => Array
                (
                    [key] => o
                    [timestamp] => 1739424822332
                )

            [48] => Array
                (
                    [key] => m
                    [timestamp] => 1739424822620
                )

            [49] => Array
                (
                    [key] => 1
                    [timestamp] => 1739424824791
                )

            [50] => Array
                (
                    [key] => 2
                    [timestamp] => 1739424825045
                )

            [51] => Array
                (
                    [key] => 3
                    [timestamp] => 1739424825273
                )

            [52] => Array
                (
                    [key] => Enter
                    [timestamp] => 1739424827994
                )

        )

    [Place] => Registration Page
    [Page Views] => 1
    [Session Duration] => 0
    [Bounce Rate] => 0
    [Traffic Source] => ::1
    [Time on Page] => 0
    [Previous Visits] => 0
    [Conversion Rate] => 0
)
JSON encode successful.File write successful. Bytes written: 32935register.php script started.Sign In form submitted.Keystroke Data: Array
(
    [0] => Array
        (
            [key] => n
            [timestamp] => 1739424831664
        )

    [1] => Array
        (
            [key] => a
            [timestamp] => 1739424831817
        )

    [2] => Array
        (
            [key] => s
            [timestamp] => 1739424832059
        )

    [3] => Array
        (
            [key] => l
            [timestamp] => 1739424832200
        )

    [4] => Array
        (
            [key] => a
            [timestamp] => 1739424832353
        )

    [5] => Array
        (
            [timestamp] => 1739424834184
        )

    [6] => Array
        (
            [key] => 1
            [timestamp] => 1739424836046
        )

    [7] => Array
        (
            [key] => 2
            [timestamp] => 1739424836298
        )

    [8] => Array
        (
            [key] => 3
            [timestamp] => 1739424836503
        )

    [9] => Array
        (
            [key] => Enter
            [timestamp] => 1739424836823
        )

)
logData() called. logFile = C:\xampp\htdocs\login\logs.jsonFile exists: C:\xampp\htdocs\login\logs.jsonJSON decode successful.Data to be logged: Array
(
    [Name] => Nasla  Manandhar
    [Username] => naslamandr@gmail.com
    [Password] => 202cb962ac59075b964b07152d234b70
    [Action] => Login
    [Timestamp] => 2025-02-13 06:33:56
    [Keystroke Data] => Array
        (
            [0] => Array
                (
                    [key] => n
                    [timestamp] => 1739424831664
                )

            [1] => Array
                (
                    [key] => a
                    [timestamp] => 1739424831817
                )

            [2] => Array
                (
                    [key] => s
                    [timestamp] => 1739424832059
                )

            [3] => Array
                (
                    [key] => l
                    [timestamp] => 1739424832200
                )

            [4] => Array
                (
                    [key] => a
                    [timestamp] => 1739424832353
                )

            [5] => Array
                (
                    [timestamp] => 1739424834184
                )

            [6] => Array
                (
                    [key] => 1
                    [timestamp] => 1739424836046
                )

            [7] => Array
                (
                    [key] => 2
                    [timestamp] => 1739424836298
                )

            [8] => Array
                (
                    [key] => 3
                    [timestamp] => 1739424836503
                )

            [9] => Array
                (
                    [key] => Enter
                    [timestamp] => 1739424836823
                )

        )

    [Place] => Login Page
    [Page Views] => 2
    [Session Duration] => 8
    [Bounce Rate] => 0
    [Traffic Source] => ::1
    [Time on Page] => 0
    [Previous Visits] => 1
    [Conversion Rate] => 0
)
JSON encode successful.File write successful. Bytes written: 34401register.php script started.Sign Up form submitted.Keystroke Data: Array
(
    [0] => Array
        (
            [key] => CapsLock
            [timestamp] => 1739467201579
        )

    [1] => Array
        (
            [key] => A
            [timestamp] => 1739467203718
        )

    [2] => Array
        (
            [key] => B
            [timestamp] => 1739467203928
        )

    [3] => Array
        (
            [key] => C
            [timestamp] => 1739467204125
        )

    [4] => Array
        (
            [key] => CapsLock
            [timestamp] => 1739467205920
        )

    [5] => Array
        (
            [key] => e
            [timestamp] => 1739467206743
        )

    [6] => Array
        (
            [key] => f
            [timestamp] => 1739467207186
        )

    [7] => Array
        (
            [key] => g
            [timestamp] => 1739467207837
        )

    [8] => Array
        (
            [key] => a
            [timestamp] => 1739467209838
        )

    [9] => Array
        (
            [key] => b
            [timestamp] => 1739467210055
        )

    [10] => Array
        (
            [key] => c
            [timestamp] => 1739467210279
        )

    [11] => Array
        (
            [key] => Shift
            [timestamp] => 1739467211259
        )

    [12] => Array
        (
            [key] => @
            [timestamp] => 1739467211687
        )

    [13] => Array
        (
            [key] => g
            [timestamp] => 1739467212572
        )

    [14] => Array
        (
            [key] => m
            [timestamp] => 1739467212858
        )

    [15] => Array
        (
            [key] => a
            [timestamp] => 1739467212978
        )

    [16] => Array
        (
            [key] => i
            [timestamp] => 1739467213115
        )

    [17] => Array
        (
            [key] => l
            [timestamp] => 1739467213342
        )

    [18] => Array
        (
            [key] => .
            [timestamp] => 1739467213649
        )

    [19] => Array
        (
            [key] => c
            [timestamp] => 1739467213837
        )

    [20] => Array
        (
            [key] => o
            [timestamp] => 1739467213996
        )

    [21] => Array
        (
            [key] => m
            [timestamp] => 1739467214231
        )

    [22] => Array
        (
            [key] => 1
            [timestamp] => 1739467226401
        )

    [23] => Array
        (
            [key] => 2
            [timestamp] => 1739467226620
        )

    [24] => Array
        (
            [key] => 3
            [timestamp] => 1739467226811
        )

    [25] => Array
        (
            [key] => Enter
            [timestamp] => 1739467227550
        )

)
logData() called. logFile = C:\xampp\htdocs\login\logs.jsonFile exists: C:\xampp\htdocs\login\logs.jsonJSON decode successful.Data to be logged: Array
(
    [Name] => ABC efg
    [Username] => abc@gmail.com
    [Password] => 202cb962ac59075b964b07152d234b70
    [Action] => Registration
    [Timestamp] => 2025-02-13 18:20:27
    [Keystroke Data] => Array
        (
            [0] => Array
                (
                    [key] => CapsLock
                    [timestamp] => 1739467201579
                )

            [1] => Array
                (
                    [key] => A
                    [timestamp] => 1739467203718
                )

            [2] => Array
                (
                    [key] => B
                    [timestamp] => 1739467203928
                )

            [3] => Array
                (
                    [key] => C
                    [timestamp] => 1739467204125
                )

            [4] => Array
                (
                    [key] => CapsLock
                    [timestamp] => 1739467205920
                )

            [5] => Array
                (
                    [key] => e
                    [timestamp] => 1739467206743
                )

            [6] => Array
                (
                    [key] => f
                    [timestamp] => 1739467207186
                )

            [7] => Array
                (
                    [key] => g
                    [timestamp] => 1739467207837
                )

            [8] => Array
                (
                    [key] => a
                    [timestamp] => 1739467209838
                )

            [9] => Array
                (
                    [key] => b
                    [timestamp] => 1739467210055
                )

            [10] => Array
                (
                    [key] => c
                    [timestamp] => 1739467210279
                )

            [11] => Array
                (
                    [key] => Shift
                    [timestamp] => 1739467211259
                )

            [12] => Array
                (
                    [key] => @
                    [timestamp] => 1739467211687
                )

            [13] => Array
                (
                    [key] => g
                    [timestamp] => 1739467212572
                )

            [14] => Array
                (
                    [key] => m
                    [timestamp] => 1739467212858
                )

            [15] => Array
                (
                    [key] => a
                    [timestamp] => 1739467212978
                )

            [16] => Array
                (
                    [key] => i
                    [timestamp] => 1739467213115
                )

            [17] => Array
                (
                    [key] => l
                    [timestamp] => 1739467213342
                )

            [18] => Array
                (
                    [key] => .
                    [timestamp] => 1739467213649
                )

            [19] => Array
                (
                    [key] => c
                    [timestamp] => 1739467213837
                )

            [20] => Array
                (
                    [key] => o
                    [timestamp] => 1739467213996
                )

            [21] => Array
                (
                    [key] => m
                    [timestamp] => 1739467214231
                )

            [22] => Array
                (
                    [key] => 1
                    [timestamp] => 1739467226401
                )

            [23] => Array
                (
                    [key] => 2
                    [timestamp] => 1739467226620
                )

            [24] => Array
                (
                    [key] => 3
                    [timestamp] => 1739467226811
                )

            [25] => Array
                (
                    [key] => Enter
                    [timestamp] => 1739467227550
                )

        )

    [Place] => Registration Page
    [Page Views] => 1
    [Session Duration] => 0
    [Bounce Rate] => 0
    [Traffic Source] => ::1
    [Time on Page] => 0
    [Previous Visits] => 0
    [Conversion Rate] => 0
)
JSON encode successful.File write successful. Bytes written: 37511register.php script started.Sign In form submitted.Keystroke Data: Array
(
    [0] => Array
        (
            [key] => a
            [timestamp] => 1739467232948
        )

    [1] => Array
        (
            [key] => b
            [timestamp] => 1739467233195
        )

    [2] => Array
        (
            [key] => c
            [timestamp] => 1739467233388
        )

    [3] => Array
        (
            [timestamp] => 1739467234487
        )

    [4] => Array
        (
            [key] => 1
            [timestamp] => 1739467236004
        )

    [5] => Array
        (
            [key] => 2
            [timestamp] => 1739467236204
        )

    [6] => Array
        (
            [key] => 3
            [timestamp] => 1739467236398
        )

    [7] => Array
        (
            [key] => Enter
            [timestamp] => 1739467236739
        )

)
logData() called. logFile = C:\xampp\htdocs\login\logs.jsonFile exists: C:\xampp\htdocs\login\logs.jsonJSON decode successful.Data to be logged: Array
(
    [Name] => ABC efg
    [Username] => abc@gmail.com
    [Password] => 202cb962ac59075b964b07152d234b70
    [Action] => Login
    [Timestamp] => 2025-02-13 18:20:36
    [Keystroke Data] => Array
        (
            [0] => Array
                (
                    [key] => a
                    [timestamp] => 1739467232948
                )

            [1] => Array
                (
                    [key] => b
                    [timestamp] => 1739467233195
                )

            [2] => Array
                (
                    [key] => c
                    [timestamp] => 1739467233388
                )

            [3] => Array
                (
                    [timestamp] => 1739467234487
                )

            [4] => Array
                (
                    [key] => 1
                    [timestamp] => 1739467236004
                )

            [5] => Array
                (
                    [key] => 2
                    [timestamp] => 1739467236204
                )

            [6] => Array
                (
                    [key] => 3
                    [timestamp] => 1739467236398
                )

            [7] => Array
                (
                    [key] => Enter
                    [timestamp] => 1739467236739
                )

        )

    [Place] => Login Page
    [Page Views] => 2
    [Session Duration] => 9
    [Bounce Rate] => 0
    [Traffic Source] => ::1
    [Time on Page] => 0
    [Previous Visits] => 1
    [Conversion Rate] => 0
)
JSON encode successful.File write successful. Bytes written: 38761register.php script started.Sign Up form submitted.Keystroke Data: Array
(
    [0] => Array
        (
            [key] => CapsLock
            [timestamp] => 1739468045546
        )

    [1] => Array
        (
            [key] => N
            [timestamp] => 1739468047040
        )

    [2] => Array
        (
            [key] => CapsLock
            [timestamp] => 1739468047164
        )

    [3] => Array
        (
            [key] => a
            [timestamp] => 1739468047399
        )

    [4] => Array
        (
            [key] => s
            [timestamp] => 1739468047638
        )

    [5] => Array
        (
            [key] => l
            [timestamp] => 1739468048364
        )

    [6] => Array
        (
            [key] => a
            [timestamp] => 1739468048589
        )

    [7] => Array
        (
            [key] => a
            [timestamp] => 1739468048961
        )

    [8] => Array
        (
            [key] => CapsLock
            [timestamp] => 1739468052145
        )

    [9] => Array
        (
            [key] => M
            [timestamp] => 1739468052332
        )

    [10] => Array
        (
            [key] => CapsLock
            [timestamp] => 1739468052480
        )

    [11] => Array
        (
            [key] => a
            [timestamp] => 1739468052679
        )

    [12] => Array
        (
            [key] => n
            [timestamp] => 1739468052811
        )

    [13] => Array
        (
            [key] => a
            [timestamp] => 1739468052920
        )

    [14] => Array
        (
            [key] => n
            [timestamp] => 1739468053007
        )

    [15] => Array
        (
            [key] => d
            [timestamp] => 1739468053148
        )

    [16] => Array
        (
            [key] => h
            [timestamp] => 1739468053272
        )

    [17] => Array
        (
            [key] => a
            [timestamp] => 1739468053394
        )

    [18] => Array
        (
            [key] => r
            [timestamp] => 1739468053579
        )

    [19] => Array
        (
            [key] => n
            [timestamp] => 1739468056906
        )

    [20] => Array
        (
            [key] => a
            [timestamp] => 1739468057078
        )

    [21] => Array
        (
            [key] => Shift
            [timestamp] => 1739468057819
        )

    [22] => Array
        (
            [key] => Shift
            [timestamp] => 1739468058325
        )

    [23] => Array
        (
            [key] => Shift
            [timestamp] => 1739468058358
        )

    [24] => Array
        (
            [key] => Shift
            [timestamp] => 1739468058390
        )

    [25] => Array
        (
            [key] => Shift
            [timestamp] => 1739468058423
        )

    [26] => Array
        (
            [key] => Shift
            [timestamp] => 1739468058455
        )

    [27] => Array
        (
            [key] => Shift
            [timestamp] => 1739468058488
        )

    [28] => Array
        (
            [key] => @
            [timestamp] => 1739468058494
        )

    [29] => Array
        (
            [key] => g
            [timestamp] => 1739468059293
        )

    [30] => Array
        (
            [key] => m
            [timestamp] => 1739468059631
        )

    [31] => Array
        (
            [key] => a
            [timestamp] => 1739468059755
        )

    [32] => Array
        (
            [key] => i
            [timestamp] => 1739468059921
        )

    [33] => Array
        (
            [key] => l
            [timestamp] => 1739468060161
        )

    [34] => Array
        (
            [key] => .
            [timestamp] => 1739468060518
        )

    [35] => Array
        (
            [key] => c
            [timestamp] => 1739468060686
        )

    [36] => Array
        (
            [key] => o
            [timestamp] => 1739468060869
        )

    [37] => Array
        (
            [key] => m
            [timestamp] => 1739468061099
        )

    [38] => Array
        (
            [key] => 1
            [timestamp] => 1739468063438
        )

    [39] => Array
        (
            [key] => 2
            [timestamp] => 1739468063671
        )

    [40] => Array
        (
            [key] => 3
            [timestamp] => 1739468063888
        )

    [41] => Array
        (
            [key] => Enter
            [timestamp] => 1739468064277
        )

)
logData() called. logFile = C:\xampp\htdocs\login\logs.jsonFile exists: C:\xampp\htdocs\login\logs.jsonJSON decode successful.Data to be logged: Array
(
    [Name] => Naslaa Manandhar
    [Username] => na@gmail.com
    [Password] => 202cb962ac59075b964b07152d234b70
    [Action] => Registration
    [Timestamp] => 2025-02-13 18:34:24
    [Keystroke Data] => Array
        (
            [0] => Array
                (
                    [key] => CapsLock
                    [timestamp] => 1739468045546
                )

            [1] => Array
                (
                    [key] => N
                    [timestamp] => 1739468047040
                )

            [2] => Array
                (
                    [key] => CapsLock
                    [timestamp] => 1739468047164
                )

            [3] => Array
                (
                    [key] => a
                    [timestamp] => 1739468047399
                )

            [4] => Array
                (
                    [key] => s
                    [timestamp] => 1739468047638
                )

            [5] => Array
                (
                    [key] => l
                    [timestamp] => 1739468048364
                )

            [6] => Array
                (
                    [key] => a
                    [timestamp] => 1739468048589
                )

            [7] => Array
                (
                    [key] => a
                    [timestamp] => 1739468048961
                )

            [8] => Array
                (
                    [key] => CapsLock
                    [timestamp] => 1739468052145
                )

            [9] => Array
                (
                    [key] => M
                    [timestamp] => 1739468052332
                )

            [10] => Array
                (
                    [key] => CapsLock
                    [timestamp] => 1739468052480
                )

            [11] => Array
                (
                    [key] => a
                    [timestamp] => 1739468052679
                )

            [12] => Array
                (
                    [key] => n
                    [timestamp] => 1739468052811
                )

            [13] => Array
                (
                    [key] => a
                    [timestamp] => 1739468052920
                )

            [14] => Array
                (
                    [key] => n
                    [timestamp] => 1739468053007
                )

            [15] => Array
                (
                    [key] => d
                    [timestamp] => 1739468053148
                )

            [16] => Array
                (
                    [key] => h
                    [timestamp] => 1739468053272
                )

            [17] => Array
                (
                    [key] => a
                    [timestamp] => 1739468053394
                )

            [18] => Array
                (
                    [key] => r
                    [timestamp] => 1739468053579
                )

            [19] => Array
                (
                    [key] => n
                    [timestamp] => 1739468056906
                )

            [20] => Array
                (
                    [key] => a
                    [timestamp] => 1739468057078
                )

            [21] => Array
                (
                    [key] => Shift
                    [timestamp] => 1739468057819
                )

            [22] => Array
                (
                    [key] => Shift
                    [timestamp] => 1739468058325
                )

            [23] => Array
                (
                    [key] => Shift
                    [timestamp] => 1739468058358
                )

            [24] => Array
                (
                    [key] => Shift
                    [timestamp] => 1739468058390
                )

            [25] => Array
                (
                    [key] => Shift
                    [timestamp] => 1739468058423
                )

            [26] => Array
                (
                    [key] => Shift
                    [timestamp] => 1739468058455
                )

            [27] => Array
                (
                    [key] => Shift
                    [timestamp] => 1739468058488
                )

            [28] => Array
                (
                    [key] => @
                    [timestamp] => 1739468058494
                )

            [29] => Array
                (
                    [key] => g
                    [timestamp] => 1739468059293
                )

            [30] => Array
                (
                    [key] => m
                    [timestamp] => 1739468059631
                )

            [31] => Array
                (
                    [key] => a
                    [timestamp] => 1739468059755
                )

            [32] => Array
                (
                    [key] => i
                    [timestamp] => 1739468059921
                )

            [33] => Array
                (
                    [key] => l
                    [timestamp] => 1739468060161
                )

            [34] => Array
                (
                    [key] => .
                    [timestamp] => 1739468060518
                )

            [35] => Array
                (
                    [key] => c
                    [timestamp] => 1739468060686
                )

            [36] => Array
                (
                    [key] => o
                    [timestamp] => 1739468060869
                )

            [37] => Array
                (
                    [key] => m
                    [timestamp] => 1739468061099
                )

            [38] => Array
                (
                    [key] => 1
                    [timestamp] => 1739468063438
                )

            [39] => Array
                (
                    [key] => 2
                    [timestamp] => 1739468063671
                )

            [40] => Array
                (
                    [key] => 3
                    [timestamp] => 1739468063888
                )

            [41] => Array
                (
                    [key] => Enter
                    [timestamp] => 1739468064277
                )

        )

    [Place] => Registration Page
    [Page Views] => 3
    [Session Duration] => 837
    [Bounce Rate] => 0
    [Traffic Source] => ::1
    [Time on Page] => 0
    [Previous Visits] => 1
    [Conversion Rate] => 0
)
JSON encode successful.File write successful. Bytes written: 43519register.php script started.Sign In form submitted.Keystroke Data: Array
(
    [0] => Array
        (
            [key] => n
            [timestamp] => 1739468069368
        )

    [1] => Array
        (
            [key] => a
            [timestamp] => 1739468069500
        )

    [2] => Array
        (
            [key] => Shift
            [timestamp] => 1739468070083
        )

    [3] => Array
        (
            [key] => Shift
            [timestamp] => 1739468070591
        )

    [4] => Array
        (
            [key] => Shift
            [timestamp] => 1739468070625
        )

    [5] => Array
        (
            [key] => Shift
            [timestamp] => 1739468070657
        )

    [6] => Array
        (
            [key] => Shift
            [timestamp] => 1739468070690
        )

    [7] => Array
        (
            [key] => Shift
            [timestamp] => 1739468070722
        )

    [8] => Array
        (
            [key] => Shift
            [timestamp] => 1739468070754
        )

    [9] => Array
        (
            [key] => Shift
            [timestamp] => 1739468070787
        )

    [10] => Array
        (
            [key] => @
            [timestamp] => 1739468070800
        )

    [11] => Array
        (
            [key] => g
            [timestamp] => 1739468071597
        )

    [12] => Array
        (
            [key] => m
            [timestamp] => 1739468071896
        )

    [13] => Array
        (
            [key] => a
            [timestamp] => 1739468072025
        )

    [14] => Array
        (
            [key] => i
            [timestamp] => 1739468072152
        )

    [15] => Array
        (
            [key] => l
            [timestamp] => 1739468072567
        )

    [16] => Array
        (
            [key] => .
            [timestamp] => 1739468072845
        )

    [17] => Array
        (
            [key] => c
            [timestamp] => 1739468073035
        )

    [18] => Array
        (
            [key] => o
            [timestamp] => 1739468073180
        )

    [19] => Array
        (
            [key] => m
            [timestamp] => 1739468073420
        )

    [20] => Array
        (
            [key] => 1
            [timestamp] => 1739468075332
        )

    [21] => Array
        (
            [key] => 2
            [timestamp] => 1739468075581
        )

    [22] => Array
        (
            [key] => 3
            [timestamp] => 1739468075787
        )

    [23] => Array
        (
            [key] => Enter
            [timestamp] => 1739468076164
        )

)
logData() called. logFile = C:\xampp\htdocs\login\logs.jsonFile exists: C:\xampp\htdocs\login\logs.jsonJSON decode successful.Data to be logged: Array
(
    [Name] => Naslaa Manandhar
    [Username] => na@gmail.com
    [Password] => 202cb962ac59075b964b07152d234b70
    [Action] => Login
    [Timestamp] => 2025-02-13 18:34:36
    [Keystroke Data] => Array
        (
            [0] => Array
                (
                    [key] => n
                    [timestamp] => 1739468069368
                )

            [1] => Array
                (
                    [key] => a
                    [timestamp] => 1739468069500
                )

            [2] => Array
                (
                    [key] => Shift
                    [timestamp] => 1739468070083
                )

            [3] => Array
                (
                    [key] => Shift
                    [timestamp] => 1739468070591
                )

            [4] => Array
                (
                    [key] => Shift
                    [timestamp] => 1739468070625
                )

            [5] => Array
                (
                    [key] => Shift
                    [timestamp] => 1739468070657
                )

            [6] => Array
                (
                    [key] => Shift
                    [timestamp] => 1739468070690
                )

            [7] => Array
                (
                    [key] => Shift
                    [timestamp] => 1739468070722
                )

            [8] => Array
                (
                    [key] => Shift
                    [timestamp] => 1739468070754
                )

            [9] => Array
                (
                    [key] => Shift
                    [timestamp] => 1739468070787
                )

            [10] => Array
                (
                    [key] => @
                    [timestamp] => 1739468070800
                )

            [11] => Array
                (
                    [key] => g
                    [timestamp] => 1739468071597
                )

            [12] => Array
                (
                    [key] => m
                    [timestamp] => 1739468071896
                )

            [13] => Array
                (
                    [key] => a
                    [timestamp] => 1739468072025
                )

            [14] => Array
                (
                    [key] => i
                    [timestamp] => 1739468072152
                )

            [15] => Array
                (
                    [key] => l
                    [timestamp] => 1739468072567
                )

            [16] => Array
                (
                    [key] => .
                    [timestamp] => 1739468072845
                )

            [17] => Array
                (
                    [key] => c
                    [timestamp] => 1739468073035
                )

            [18] => Array
                (
                    [key] => o
                    [timestamp] => 1739468073180
                )

            [19] => Array
                (
                    [key] => m
                    [timestamp] => 1739468073420
                )

            [20] => Array
                (
                    [key] => 1
                    [timestamp] => 1739468075332
                )

            [21] => Array
                (
                    [key] => 2
                    [timestamp] => 1739468075581
                )

            [22] => Array
                (
                    [key] => 3
                    [timestamp] => 1739468075787
                )

            [23] => Array
                (
                    [key] => Enter
                    [timestamp] => 1739468076164
                )

        )

    [Place] => Login Page
    [Page Views] => 4
    [Session Duration] => 849
    [Bounce Rate] => 0
    [Traffic Source] => ::1
    [Time on Page] => 0
    [Previous Visits] => 2
    [Conversion Rate] => 0
)
JSON encode successful.File write successful. Bytes written: 46439